
> iris-employee-portal@0.1.0 dev
> next dev

 ⚠ Warning: Next.js inferred your workspace root, but it may not be correct.
 We detected multiple lockfiles and selected the directory of /home/amb/pnpm-lock.yaml as the root directory.
 To silence this warning, set `turbopack.root` in your Next.js config, or consider removing one of the lockfiles if it's not needed.
   See https://nextjs.org/docs/app/api-reference/config/next-config-js/turbopack#root-directory for more information.
 Detected additional lockfiles: 
   * /home/amb/iris-payroll-system/employee-portal/pnpm-lock.yaml

   ▲ Next.js 16.0.7 (Turbopack)
   - Local:         http://localhost:3001
   - Network:       http://10.255.255.254:3001
   - Environments: .env.local

 ✓ Starting...
 ✓ Ready in 965ms
 ○ Compiling / ...
 GET / 307 in 3.5s (compile: 3.3s, render: 211ms)
 GET /auth/login 200 in 575ms (compile: 477ms, render: 98ms)
 GET / 307 in 210ms (compile: 11ms, render: 199ms)
 GET /auth/login 200 in 100ms (compile: 5ms, render: 95ms)
[?25h
